{
"contracts/service/ServicePayer.sol":{"l":{"16":605},"path":"/Users/marioterek/github/coinmaker/contracts/service/ServicePayer.sol","s":{"1":605},"b":{},"f":{"1":605},"fnMap":{"1":{"name":"constructor","line":15,"loc":{"start":{"line":15,"column":4},"end":{"line":17,"column":4}}}},"statementMap":{"1":{"start":{"line":16,"column":8},"end":{"line":16,"column":60}}},"branchMap":{}},
"contracts/service/ServiceReceiver.sol":{"l":{"18":607,"20":601,"24":1,"28":552,"32":1,"36":1160},"path":"/Users/marioterek/github/coinmaker/contracts/service/ServiceReceiver.sol","s":{"1":607,"2":601,"3":1,"4":552,"5":1,"6":1160},"b":{"1":[601,6]},"f":{"1":607,"2":1,"3":552,"4":1,"5":1160},"fnMap":{"1":{"name":"pay","line":17,"loc":{"start":{"line":17,"column":4},"end":{"line":21,"column":4}}},"2":{"name":"getPrice","line":23,"loc":{"start":{"line":23,"column":4},"end":{"line":25,"column":4}}},"3":{"name":"setPrice","line":27,"loc":{"start":{"line":27,"column":4},"end":{"line":29,"column":4}}},"4":{"name":"withdraw","line":31,"loc":{"start":{"line":31,"column":4},"end":{"line":33,"column":4}}},"5":{"name":"_toBytes32","line":35,"loc":{"start":{"line":35,"column":4},"end":{"line":37,"column":4}}}},"statementMap":{"1":{"start":{"line":18,"column":8},"end":{"line":18,"column":97}},"2":{"start":{"line":20,"column":8},"end":{"line":20,"column":47}},"3":{"start":{"line":24,"column":8},"end":{"line":24,"column":47}},"4":{"start":{"line":28,"column":8},"end":{"line":28,"column":48}},"5":{"start":{"line":32,"column":8},"end":{"line":32,"column":40}},"6":{"start":{"line":36,"column":8},"end":{"line":36,"column":49}}},"branchMap":{"1":{"line":18,"type":"if","locations":[{"start":{"line":18,"column":8},"end":{"line":18,"column":8}},{"start":{"line":18,"column":8},"end":{"line":18,"column":8}}]}}},
"contracts/token/BEP20/AmazingBEP20.sol":{"l":{"30":131,"31":131,"43":140,"52":4},"path":"/Users/marioterek/github/coinmaker/contracts/token/BEP20/AmazingBEP20.sol","s":{"1":131,"2":131,"3":140,"4":4},"b":{},"f":{"1":131,"2":140,"3":4},"fnMap":{"1":{"name":"constructor","line":27,"loc":{"start":{"line":19,"column":4},"end":{"line":32,"column":4}}},"2":{"name":"_mint","line":42,"loc":{"start":{"line":42,"column":4},"end":{"line":44,"column":4}}},"3":{"name":"_finishMinting","line":51,"loc":{"start":{"line":51,"column":4},"end":{"line":53,"column":4}}}},"statementMap":{"1":{"start":{"line":30,"column":8},"end":{"line":30,"column":31}},"2":{"start":{"line":31,"column":8},"end":{"line":31,"column":42}},"3":{"start":{"line":43,"column":8},"end":{"line":43,"column":35}},"4":{"start":{"line":52,"column":8},"end":{"line":52,"column":29}}},"branchMap":{}},
"contracts/token/BEP20/BurnableBEP20.sol":{"l":{"26":66,"28":64,"29":64},"path":"/Users/marioterek/github/coinmaker/contracts/token/BEP20/BurnableBEP20.sol","s":{"1":66,"2":64,"3":64},"b":{"1":[64,2]},"f":{"1":66},"fnMap":{"1":{"name":"constructor","line":23,"loc":{"start":{"line":15,"column":4},"end":{"line":30,"column":4}}}},"statementMap":{"1":{"start":{"line":26,"column":8},"end":{"line":26,"column":74}},"2":{"start":{"line":28,"column":8},"end":{"line":28,"column":31}},"3":{"start":{"line":29,"column":8},"end":{"line":29,"column":42}}},"branchMap":{"1":{"line":26,"type":"if","locations":[{"start":{"line":26,"column":8},"end":{"line":26,"column":8}},{"start":{"line":26,"column":8},"end":{"line":26,"column":8}}]}}},
"contracts/token/BEP20/CommonBEP20.sol":{"l":{"31":85,"32":85,"44":101,"53":4},"path":"/Users/marioterek/github/coinmaker/contracts/token/BEP20/CommonBEP20.sol","s":{"1":85,"2":85,"3":101,"4":4},"b":{},"f":{"1":85,"2":101,"3":4},"fnMap":{"1":{"name":"constructor","line":28,"loc":{"start":{"line":18,"column":4},"end":{"line":33,"column":4}}},"2":{"name":"_mint","line":43,"loc":{"start":{"line":43,"column":4},"end":{"line":45,"column":4}}},"3":{"name":"_finishMinting","line":52,"loc":{"start":{"line":52,"column":4},"end":{"line":54,"column":4}}}},"statementMap":{"1":{"start":{"line":31,"column":8},"end":{"line":31,"column":31}},"2":{"start":{"line":32,"column":8},"end":{"line":32,"column":42}},"3":{"start":{"line":44,"column":8},"end":{"line":44,"column":35}},"4":{"start":{"line":53,"column":8},"end":{"line":53,"column":29}}},"branchMap":{}},
"contracts/token/BEP20/HelloBEP20.sol":{"l":{"26":53},"path":"/Users/marioterek/github/coinmaker/contracts/token/BEP20/HelloBEP20.sol","s":{"1":53},"b":{},"f":{"1":53},"fnMap":{"1":{"name":"constructor","line":23,"loc":{"start":{"line":17,"column":4},"end":{"line":27,"column":4}}}},"statementMap":{"1":{"start":{"line":26,"column":8},"end":{"line":26,"column":37}}},"branchMap":{}},
"contracts/token/BEP20/lib/BEP20.sol":{"l":{"49":602,"50":602,"51":602,"58":8,"66":8,"83":8,"90":264,"97":100,"104":8,"116":67,"117":31,"134":106,"136":54,"137":54,"138":38,"140":38,"151":274,"152":258,"159":154,"175":64,"176":48,"194":128,"195":128,"196":48,"198":48,"216":173,"217":173,"219":141,"221":141,"222":141,"223":85,"224":85,"226":85,"239":683,"241":675,"243":675,"244":675,"245":675,"260":60,"262":60,"264":60,"265":60,"266":44,"267":44,"269":44,"286":456,"287":456,"289":424,"290":424,"301":484},"path":"/Users/marioterek/github/coinmaker/contracts/token/BEP20/lib/BEP20.sol","s":{"1":602,"2":602,"3":602,"4":8,"5":8,"6":8,"7":264,"8":100,"9":8,"10":67,"11":31,"12":106,"13":54,"14":54,"15":38,"16":38,"17":274,"18":258,"19":154,"20":64,"21":48,"22":128,"23":128,"24":48,"25":48,"26":173,"27":173,"28":141,"29":141,"30":141,"31":85,"32":85,"33":85,"34":683,"35":675,"36":675,"37":675,"38":675,"39":60,"40":60,"41":60,"42":60,"43":44,"44":44,"45":44,"46":456,"47":456,"48":424,"49":424,"50":484},"b":{"1":[38,16],"2":[48,80],"3":[173,0],"4":[141,32],"5":[85,56],"6":[675,8],"7":[60,0],"8":[44,16],"9":[456,0],"10":[424,32]},"f":{"1":602,"2":8,"3":8,"4":8,"5":264,"6":100,"7":8,"8":67,"9":106,"10":274,"11":154,"12":64,"13":128,"14":173,"15":683,"16":60,"17":456,"18":484,"19":876},"fnMap":{"1":{"name":"constructor","line":48,"loc":{"start":{"line":48,"column":4},"end":{"line":52,"column":4}}},"2":{"name":"name","line":57,"loc":{"start":{"line":57,"column":4},"end":{"line":59,"column":4}}},"3":{"name":"symbol","line":65,"loc":{"start":{"line":65,"column":4},"end":{"line":67,"column":4}}},"4":{"name":"decimals","line":82,"loc":{"start":{"line":82,"column":4},"end":{"line":84,"column":4}}},"5":{"name":"totalSupply","line":89,"loc":{"start":{"line":89,"column":4},"end":{"line":91,"column":4}}},"6":{"name":"balanceOf","line":96,"loc":{"start":{"line":96,"column":4},"end":{"line":98,"column":4}}},"7":{"name":"getOwner","line":103,"loc":{"start":{"line":103,"column":4},"end":{"line":105,"column":4}}},"8":{"name":"transfer","line":115,"loc":{"start":{"line":115,"column":4},"end":{"line":118,"column":4}}},"9":{"name":"transferFrom","line":133,"loc":{"start":{"line":133,"column":4},"end":{"line":141,"column":4}}},"10":{"name":"approve","line":150,"loc":{"start":{"line":150,"column":4},"end":{"line":153,"column":4}}},"11":{"name":"allowance","line":158,"loc":{"start":{"line":158,"column":4},"end":{"line":160,"column":4}}},"12":{"name":"increaseAllowance","line":174,"loc":{"start":{"line":174,"column":4},"end":{"line":177,"column":4}}},"13":{"name":"decreaseAllowance","line":193,"loc":{"start":{"line":193,"column":4},"end":{"line":199,"column":4}}},"14":{"name":"_transfer","line":215,"loc":{"start":{"line":215,"column":4},"end":{"line":227,"column":4}}},"15":{"name":"_mint","line":238,"loc":{"start":{"line":238,"column":4},"end":{"line":246,"column":4}}},"16":{"name":"_burn","line":259,"loc":{"start":{"line":259,"column":4},"end":{"line":270,"column":4}}},"17":{"name":"_approve","line":285,"loc":{"start":{"line":285,"column":4},"end":{"line":291,"column":4}}},"18":{"name":"_setupDecimals","line":300,"loc":{"start":{"line":300,"column":4},"end":{"line":302,"column":4}}},"19":{"name":"_beforeTokenTransfer","line":318,"loc":{"start":{"line":318,"column":4},"end":{"line":318,"column":95}}}},"statementMap":{"1":{"start":{"line":49,"column":8},"end":{"line":49,"column":20}},"2":{"start":{"line":50,"column":8},"end":{"line":50,"column":24}},"3":{"start":{"line":51,"column":8},"end":{"line":51,"column":21}},"4":{"start":{"line":58,"column":8},"end":{"line":58,"column":20}},"5":{"start":{"line":66,"column":8},"end":{"line":66,"column":22}},"6":{"start":{"line":83,"column":8},"end":{"line":83,"column":24}},"7":{"start":{"line":90,"column":8},"end":{"line":90,"column":27}},"8":{"start":{"line":97,"column":8},"end":{"line":97,"column":33}},"9":{"start":{"line":104,"column":8},"end":{"line":104,"column":22}},"10":{"start":{"line":116,"column":8},"end":{"line":116,"column":49}},"11":{"start":{"line":117,"column":8},"end":{"line":117,"column":19}},"12":{"start":{"line":134,"column":8},"end":{"line":134,"column":43}},"13":{"start":{"line":136,"column":8},"end":{"line":136,"column":68}},"14":{"start":{"line":137,"column":8},"end":{"line":137,"column":86}},"15":{"start":{"line":138,"column":8},"end":{"line":138,"column":64}},"16":{"start":{"line":140,"column":8},"end":{"line":140,"column":19}},"17":{"start":{"line":151,"column":8},"end":{"line":151,"column":46}},"18":{"start":{"line":152,"column":8},"end":{"line":152,"column":19}},"19":{"start":{"line":159,"column":8},"end":{"line":159,"column":42}},"20":{"start":{"line":175,"column":8},"end":{"line":175,"column":87}},"21":{"start":{"line":176,"column":8},"end":{"line":176,"column":19}},"22":{"start":{"line":194,"column":8},"end":{"line":194,"column":69}},"23":{"start":{"line":195,"column":8},"end":{"line":195,"column":92}},"24":{"start":{"line":196,"column":8},"end":{"line":196,"column":74}},"25":{"start":{"line":198,"column":8},"end":{"line":198,"column":19}},"26":{"start":{"line":216,"column":8},"end":{"line":216,"column":77}},"27":{"start":{"line":217,"column":8},"end":{"line":217,"column":78}},"28":{"start":{"line":219,"column":8},"end":{"line":219,"column":54}},"29":{"start":{"line":221,"column":8},"end":{"line":221,"column":49}},"30":{"start":{"line":222,"column":8},"end":{"line":222,"column":81}},"31":{"start":{"line":223,"column":8},"end":{"line":223,"column":49}},"32":{"start":{"line":224,"column":8},"end":{"line":224,"column":37}},"33":{"start":{"line":226,"column":8},"end":{"line":226,"column":48}},"34":{"start":{"line":239,"column":8},"end":{"line":239,"column":72}},"35":{"start":{"line":241,"column":8},"end":{"line":241,"column":56}},"36":{"start":{"line":243,"column":8},"end":{"line":243,"column":29}},"37":{"start":{"line":244,"column":8},"end":{"line":244,"column":35}},"38":{"start":{"line":245,"column":8},"end":{"line":245,"column":50}},"39":{"start":{"line":260,"column":8},"end":{"line":260,"column":74}},"40":{"start":{"line":262,"column":8},"end":{"line":262,"column":56}},"41":{"start":{"line":264,"column":8},"end":{"line":264,"column":51}},"42":{"start":{"line":265,"column":8},"end":{"line":265,"column":78}},"43":{"start":{"line":266,"column":8},"end":{"line":266,"column":51}},"44":{"start":{"line":267,"column":8},"end":{"line":267,"column":29}},"45":{"start":{"line":269,"column":8},"end":{"line":269,"column":50}},"46":{"start":{"line":286,"column":8},"end":{"line":286,"column":75}},"47":{"start":{"line":287,"column":8},"end":{"line":287,"column":75}},"48":{"start":{"line":289,"column":8},"end":{"line":289,"column":43}},"49":{"start":{"line":290,"column":8},"end":{"line":290,"column":45}},"50":{"start":{"line":301,"column":8},"end":{"line":301,"column":28}}},"branchMap":{"1":{"line":137,"type":"if","locations":[{"start":{"line":137,"column":8},"end":{"line":137,"column":8}},{"start":{"line":137,"column":8},"end":{"line":137,"column":8}}]},"2":{"line":195,"type":"if","locations":[{"start":{"line":195,"column":8},"end":{"line":195,"column":8}},{"start":{"line":195,"column":8},"end":{"line":195,"column":8}}]},"3":{"line":216,"type":"if","locations":[{"start":{"line":216,"column":8},"end":{"line":216,"column":8}},{"start":{"line":216,"column":8},"end":{"line":216,"column":8}}]},"4":{"line":217,"type":"if","locations":[{"start":{"line":217,"column":8},"end":{"line":217,"column":8}},{"start":{"line":217,"column":8},"end":{"line":217,"column":8}}]},"5":{"line":222,"type":"if","locations":[{"start":{"line":222,"column":8},"end":{"line":222,"column":8}},{"start":{"line":222,"column":8},"end":{"line":222,"column":8}}]},"6":{"line":239,"type":"if","locations":[{"start":{"line":239,"column":8},"end":{"line":239,"column":8}},{"start":{"line":239,"column":8},"end":{"line":239,"column":8}}]},"7":{"line":260,"type":"if","locations":[{"start":{"line":260,"column":8},"end":{"line":260,"column":8}},{"start":{"line":260,"column":8},"end":{"line":260,"column":8}}]},"8":{"line":265,"type":"if","locations":[{"start":{"line":265,"column":8},"end":{"line":265,"column":8}},{"start":{"line":265,"column":8},"end":{"line":265,"column":8}}]},"9":{"line":286,"type":"if","locations":[{"start":{"line":286,"column":8},"end":{"line":286,"column":8}},{"start":{"line":286,"column":8},"end":{"line":286,"column":8}}]},"10":{"line":287,"type":"if","locations":[{"start":{"line":287,"column":8},"end":{"line":287,"column":8}},{"start":{"line":287,"column":8},"end":{"line":287,"column":8}}]}}},
"contracts/token/BEP20/lib/BEP20Burnable.sol":{"l":{"19":28,"34":40,"35":40,"36":32,"37":32},"path":"/Users/marioterek/github/coinmaker/contracts/token/BEP20/lib/BEP20Burnable.sol","s":{"1":28,"2":40,"3":40,"4":32,"5":32},"b":{"1":[32,8]},"f":{"1":28,"2":40},"fnMap":{"1":{"name":"burn","line":18,"loc":{"start":{"line":18,"column":4},"end":{"line":20,"column":4}}},"2":{"name":"burnFrom","line":33,"loc":{"start":{"line":33,"column":4},"end":{"line":38,"column":4}}}},"statementMap":{"1":{"start":{"line":19,"column":8},"end":{"line":19,"column":34}},"2":{"start":{"line":34,"column":6},"end":{"line":34,"column":65}},"3":{"start":{"line":35,"column":6},"end":{"line":35,"column":80}},"4":{"start":{"line":36,"column":6},"end":{"line":36,"column":63}},"5":{"start":{"line":37,"column":6},"end":{"line":37,"column":27}}},"branchMap":{"1":{"line":35,"type":"if","locations":[{"start":{"line":35,"column":6},"end":{"line":35,"column":6}},{"start":{"line":35,"column":6},"end":{"line":35,"column":6}}]}}},
"contracts/token/BEP20/lib/BEP20Capped.sol":{"l":{"18":161,"19":157,"26":240,"33":238,"34":230},"path":"/Users/marioterek/github/coinmaker/contracts/token/BEP20/lib/BEP20Capped.sol","s":{"1":161,"2":157,"3":240,"4":238,"5":230},"b":{"1":[157,4],"2":[230,8]},"f":{"1":161,"2":240,"3":238},"fnMap":{"1":{"name":"constructor","line":17,"loc":{"start":{"line":17,"column":4},"end":{"line":20,"column":4}}},"2":{"name":"cap","line":25,"loc":{"start":{"line":25,"column":4},"end":{"line":27,"column":4}}},"3":{"name":"_mint","line":32,"loc":{"start":{"line":32,"column":4},"end":{"line":35,"column":4}}}},"statementMap":{"1":{"start":{"line":18,"column":8},"end":{"line":18,"column":49}},"2":{"start":{"line":19,"column":8},"end":{"line":19,"column":18}},"3":{"start":{"line":26,"column":8},"end":{"line":26,"column":19}},"4":{"start":{"line":33,"column":8},"end":{"line":33,"column":76}},"5":{"start":{"line":34,"column":8},"end":{"line":34,"column":35}}},"branchMap":{"1":{"line":18,"type":"if","locations":[{"start":{"line":18,"column":8},"end":{"line":18,"column":8}},{"start":{"line":18,"column":8},"end":{"line":18,"column":8}}]},"2":{"line":33,"type":"if","locations":[{"start":{"line":33,"column":8},"end":{"line":33,"column":8}},{"start":{"line":33,"column":8},"end":{"line":33,"column":8}}]}}},
"contracts/token/BEP20/lib/BEP20Mintable.sol":{"l":{"25":147,"26":131,"33":8,"45":107,"54":24,"61":16,"63":16},"path":"/Users/marioterek/github/coinmaker/contracts/token/BEP20/lib/BEP20Mintable.sol","s":{"1":147,"2":8,"3":107,"4":24,"5":16,"6":16},"b":{"1":[131,16]},"f":{"1":147,"2":8,"3":107,"4":24,"5":16},"fnMap":{"1":{"name":"canMint","line":24,"loc":{"start":{"line":24,"column":4},"end":{"line":27,"column":4}}},"2":{"name":"mintingFinished","line":32,"loc":{"start":{"line":32,"column":4},"end":{"line":34,"column":4}}},"3":{"name":"mint","line":44,"loc":{"start":{"line":44,"column":4},"end":{"line":46,"column":4}}},"4":{"name":"finishMinting","line":53,"loc":{"start":{"line":53,"column":4},"end":{"line":55,"column":4}}},"5":{"name":"_finishMinting","line":60,"loc":{"start":{"line":60,"column":4},"end":{"line":64,"column":4}}}},"statementMap":{"1":{"start":{"line":25,"column":8},"end":{"line":25,"column":71}},"2":{"start":{"line":33,"column":8},"end":{"line":33,"column":31}},"3":{"start":{"line":45,"column":8},"end":{"line":45,"column":29}},"4":{"start":{"line":54,"column":8},"end":{"line":54,"column":23}},"5":{"start":{"line":61,"column":8},"end":{"line":61,"column":30}},"6":{"start":{"line":63,"column":8},"end":{"line":63,"column":27}}},"branchMap":{"1":{"line":25,"type":"if","locations":[{"start":{"line":25,"column":8},"end":{"line":25,"column":8}},{"start":{"line":25,"column":8},"end":{"line":25,"column":8}}]}}},
"contracts/token/BEP20/lib/BEP20Operable.sol":{"l":{"27":3,"37":13,"48":18,"49":14,"50":6,"61":13,"73":18,"74":14,"75":6,"85":11,"96":14,"97":14,"98":6,"111":28,"112":4,"114":24,"117":16,"129":14,"130":2,"132":12,"135":8},"path":"/Users/marioterek/github/coinmaker/contracts/token/BEP20/lib/BEP20Operable.sol","s":{"1":3,"2":13,"3":18,"4":14,"5":6,"6":13,"7":18,"8":14,"9":6,"10":11,"11":14,"12":14,"13":6,"14":28,"15":4,"16":24,"17":16,"18":14,"19":2,"20":12,"21":8},"b":{"1":[6,8],"2":[6,8],"3":[6,8],"4":[4,24],"5":[2,12]},"f":{"1":3,"2":13,"3":18,"4":13,"5":18,"6":11,"7":14,"8":28,"9":14},"fnMap":{"1":{"name":"supportsInterface","line":26,"loc":{"start":{"line":26,"column":4},"end":{"line":28,"column":4}}},"2":{"name":"transferAndCall","line":36,"loc":{"start":{"line":36,"column":4},"end":{"line":38,"column":4}}},"3":{"name":"transferAndCall","line":47,"loc":{"start":{"line":47,"column":4},"end":{"line":51,"column":4}}},"4":{"name":"transferFromAndCall","line":60,"loc":{"start":{"line":60,"column":4},"end":{"line":62,"column":4}}},"5":{"name":"transferFromAndCall","line":72,"loc":{"start":{"line":72,"column":4},"end":{"line":76,"column":4}}},"6":{"name":"approveAndCall","line":84,"loc":{"start":{"line":84,"column":4},"end":{"line":86,"column":4}}},"7":{"name":"approveAndCall","line":95,"loc":{"start":{"line":95,"column":4},"end":{"line":99,"column":4}}},"8":{"name":"_checkAndCallTransfer","line":110,"loc":{"start":{"line":110,"column":4},"end":{"line":118,"column":4}}},"9":{"name":"_checkAndCallApprove","line":128,"loc":{"start":{"line":128,"column":4},"end":{"line":136,"column":4}}}},"statementMap":{"1":{"start":{"line":27,"column":8},"end":{"line":27,"column":102}},"2":{"start":{"line":37,"column":8},"end":{"line":37,"column":53}},"3":{"start":{"line":48,"column":8},"end":{"line":48,"column":34}},"4":{"start":{"line":49,"column":8},"end":{"line":49,"column":124}},"5":{"start":{"line":50,"column":8},"end":{"line":50,"column":19}},"6":{"start":{"line":61,"column":8},"end":{"line":61,"column":65}},"7":{"start":{"line":73,"column":8},"end":{"line":73,"column":46}},"8":{"start":{"line":74,"column":8},"end":{"line":74,"column":118}},"9":{"start":{"line":75,"column":8},"end":{"line":75,"column":19}},"10":{"start":{"line":85,"column":8},"end":{"line":85,"column":50}},"11":{"start":{"line":96,"column":8},"end":{"line":96,"column":31}},"12":{"start":{"line":97,"column":8},"end":{"line":97,"column":106}},"13":{"start":{"line":98,"column":8},"end":{"line":98,"column":19}},"14":{"start":{"line":111,"column":8},"end":{"line":111,"column":5136}},"15":{"start":{"line":112,"column":12},"end":{"line":112,"column":24}},"16":{"start":{"line":114,"column":8},"end":{"line":114,"column":5212}},"17":{"start":{"line":117,"column":8},"end":{"line":117,"column":88}},"18":{"start":{"line":129,"column":8},"end":{"line":129,"column":6008}},"19":{"start":{"line":130,"column":12},"end":{"line":130,"column":24}},"20":{"start":{"line":132,"column":8},"end":{"line":132,"column":6082}},"21":{"start":{"line":135,"column":8},"end":{"line":135,"column":85}}},"branchMap":{"1":{"line":49,"type":"if","locations":[{"start":{"line":49,"column":8},"end":{"line":49,"column":8}},{"start":{"line":49,"column":8},"end":{"line":49,"column":8}}]},"2":{"line":74,"type":"if","locations":[{"start":{"line":74,"column":8},"end":{"line":74,"column":8}},{"start":{"line":74,"column":8},"end":{"line":74,"column":8}}]},"3":{"line":97,"type":"if","locations":[{"start":{"line":97,"column":8},"end":{"line":97,"column":8}},{"start":{"line":97,"column":8},"end":{"line":97,"column":8}}]},"4":{"line":111,"type":"if","locations":[{"start":{"line":111,"column":8},"end":{"line":111,"column":8}},{"start":{"line":111,"column":8},"end":{"line":111,"column":8}}]},"5":{"line":129,"type":"if","locations":[{"start":{"line":129,"column":8},"end":{"line":129,"column":8}},{"start":{"line":129,"column":8},"end":{"line":129,"column":8}}]}}},
"contracts/token/BEP20/lib/IBEP20.sol":{"l":{},"path":"/Users/marioterek/github/coinmaker/contracts/token/BEP20/lib/IBEP20.sol","s":{},"b":{},"f":{},"fnMap":{},"statementMap":{},"branchMap":{}},
"contracts/token/BEP20/lib/IBEP20Operable.sol":{"l":{},"path":"/Users/marioterek/github/coinmaker/contracts/token/BEP20/lib/IBEP20Operable.sol","s":{},"b":{},"f":{},"fnMap":{},"statementMap":{},"branchMap":{}},
"contracts/token/BEP20/lib/IBEP20OperableReceiver.sol":{"l":{},"path":"/Users/marioterek/github/coinmaker/contracts/token/BEP20/lib/IBEP20OperableReceiver.sol","s":{},"b":{},"f":{},"fnMap":{},"statementMap":{},"branchMap":{}},
"contracts/token/BEP20/lib/IBEP20OperableSpender.sol":{"l":{},"path":"/Users/marioterek/github/coinmaker/contracts/token/BEP20/lib/IBEP20OperableSpender.sol","s":{},"b":{},"f":{},"fnMap":{},"statementMap":{},"branchMap":{}},
"contracts/token/BEP20/MintableBEP20.sol":{"l":{"29":72,"30":72,"42":137,"51":4},"path":"/Users/marioterek/github/coinmaker/contracts/token/BEP20/MintableBEP20.sol","s":{"1":72,"2":72,"3":137,"4":4},"b":{},"f":{"1":72,"2":137,"3":4},"fnMap":{"1":{"name":"constructor","line":26,"loc":{"start":{"line":16,"column":4},"end":{"line":31,"column":4}}},"2":{"name":"_mint","line":41,"loc":{"start":{"line":41,"column":4},"end":{"line":43,"column":4}}},"3":{"name":"_finishMinting","line":50,"loc":{"start":{"line":50,"column":4},"end":{"line":52,"column":4}}}},"statementMap":{"1":{"start":{"line":29,"column":8},"end":{"line":29,"column":31}},"2":{"start":{"line":30,"column":8},"end":{"line":30,"column":42}},"3":{"start":{"line":42,"column":8},"end":{"line":42,"column":35}},"4":{"start":{"line":51,"column":8},"end":{"line":51,"column":29}}},"branchMap":{}},
"contracts/token/BEP20/SimpleBEP20.sol":{"l":{"27":55,"29":53},"path":"/Users/marioterek/github/coinmaker/contracts/token/BEP20/SimpleBEP20.sol","s":{"1":55,"2":53},"b":{"1":[53,2]},"f":{"1":55},"fnMap":{"1":{"name":"constructor","line":24,"loc":{"start":{"line":17,"column":4},"end":{"line":30,"column":4}}}},"statementMap":{"1":{"start":{"line":27,"column":8},"end":{"line":27,"column":72}},"2":{"start":{"line":29,"column":8},"end":{"line":29,"column":42}}},"branchMap":{"1":{"line":27,"type":"if","locations":[{"start":{"line":27,"column":8},"end":{"line":27,"column":8}},{"start":{"line":27,"column":8},"end":{"line":27,"column":8}}]}}},
"contracts/token/BEP20/StandardBEP20.sol":{"l":{"26":53,"28":51,"29":51},"path":"/Users/marioterek/github/coinmaker/contracts/token/BEP20/StandardBEP20.sol","s":{"1":53,"2":51,"3":51},"b":{"1":[51,2]},"f":{"1":53},"fnMap":{"1":{"name":"constructor","line":23,"loc":{"start":{"line":15,"column":4},"end":{"line":30,"column":4}}}},"statementMap":{"1":{"start":{"line":26,"column":8},"end":{"line":26,"column":74}},"2":{"start":{"line":28,"column":8},"end":{"line":28,"column":31}},"3":{"start":{"line":29,"column":8},"end":{"line":29,"column":42}}},"branchMap":{"1":{"line":26,"type":"if","locations":[{"start":{"line":26,"column":8},"end":{"line":26,"column":8}},{"start":{"line":26,"column":8},"end":{"line":26,"column":8}}]}}},
"contracts/token/BEP20/UnlimitedBEP20.sol":{"l":{"27":81,"28":81,"40":90,"49":4},"path":"/Users/marioterek/github/coinmaker/contracts/token/BEP20/UnlimitedBEP20.sol","s":{"1":81,"2":81,"3":90,"4":4},"b":{},"f":{"1":81,"2":90,"3":4},"fnMap":{"1":{"name":"constructor","line":24,"loc":{"start":{"line":16,"column":4},"end":{"line":29,"column":4}}},"2":{"name":"_mint","line":39,"loc":{"start":{"line":39,"column":4},"end":{"line":41,"column":4}}},"3":{"name":"_finishMinting","line":48,"loc":{"start":{"line":48,"column":4},"end":{"line":50,"column":4}}}},"statementMap":{"1":{"start":{"line":27,"column":8},"end":{"line":27,"column":31}},"2":{"start":{"line":28,"column":8},"end":{"line":28,"column":42}},"3":{"start":{"line":40,"column":8},"end":{"line":40,"column":35}},"4":{"start":{"line":49,"column":8},"end":{"line":49,"column":29}}},"branchMap":{}},
"contracts/utils/GeneratorCopyright.sol":{"l":{"16":108,"23":2,"30":2},"path":"/Users/marioterek/github/coinmaker/contracts/utils/GeneratorCopyright.sol","s":{"1":108,"2":2,"3":2},"b":{},"f":{"1":108,"2":2,"3":2},"fnMap":{"1":{"name":"constructor","line":15,"loc":{"start":{"line":15,"column":4},"end":{"line":17,"column":4}}},"2":{"name":"generator","line":22,"loc":{"start":{"line":22,"column":4},"end":{"line":24,"column":4}}},"3":{"name":"version","line":29,"loc":{"start":{"line":29,"column":4},"end":{"line":31,"column":4}}}},"statementMap":{"1":{"start":{"line":16,"column":8},"end":{"line":16,"column":26}},"2":{"start":{"line":23,"column":8},"end":{"line":23,"column":25}},"3":{"start":{"line":30,"column":8},"end":{"line":30,"column":23}}},"branchMap":{}},
"contracts/utils/TokenRecover.sol":{"l":{"21":1},"path":"/Users/marioterek/github/coinmaker/contracts/utils/TokenRecover.sol","s":{"1":1},"b":{},"f":{"1":1},"fnMap":{"1":{"name":"recoverBEP20","line":20,"loc":{"start":{"line":20,"column":4},"end":{"line":22,"column":4}}}},"statementMap":{"1":{"start":{"line":21,"column":8},"end":{"line":21,"column":58}}},"branchMap":{}}}
