TN:
SF:/Users/marioterek/github/coinmaker/contracts/service/ServicePayer.sol
FN:15,constructor
FNF:1
FNH:1
FNDA:605,constructor
DA:16,605
LF:1
LH:1
BRF:0
BRH:0
end_of_record
TN:
SF:/Users/marioterek/github/coinmaker/contracts/service/ServiceReceiver.sol
FN:17,pay
FN:23,getPrice
FN:27,setPrice
FN:31,withdraw
FN:35,_toBytes32
FNF:5
FNH:5
FNDA:607,pay
FNDA:1,getPrice
FNDA:552,setPrice
FNDA:1,withdraw
FNDA:1160,_toBytes32
DA:18,607
DA:20,601
DA:24,1
DA:28,552
DA:32,1
DA:36,1160
LF:6
LH:6
BRDA:18,1,0,601
BRDA:18,1,1,6
BRF:2
BRH:2
end_of_record
TN:
SF:/Users/marioterek/github/coinmaker/contracts/token/BEP20/AmazingBEP20.sol
FN:27,constructor
FN:42,_mint
FN:51,_finishMinting
FNF:3
FNH:3
FNDA:131,constructor
FNDA:140,_mint
FNDA:4,_finishMinting
DA:30,131
DA:31,131
DA:43,140
DA:52,4
LF:4
LH:4
BRF:0
BRH:0
end_of_record
TN:
SF:/Users/marioterek/github/coinmaker/contracts/token/BEP20/BurnableBEP20.sol
FN:23,constructor
FNF:1
FNH:1
FNDA:66,constructor
DA:26,66
DA:28,64
DA:29,64
LF:3
LH:3
BRDA:26,1,0,64
BRDA:26,1,1,2
BRF:2
BRH:2
end_of_record
TN:
SF:/Users/marioterek/github/coinmaker/contracts/token/BEP20/CommonBEP20.sol
FN:28,constructor
FN:43,_mint
FN:52,_finishMinting
FNF:3
FNH:3
FNDA:85,constructor
FNDA:101,_mint
FNDA:4,_finishMinting
DA:31,85
DA:32,85
DA:44,101
DA:53,4
LF:4
LH:4
BRF:0
BRH:0
end_of_record
TN:
SF:/Users/marioterek/github/coinmaker/contracts/token/BEP20/HelloBEP20.sol
FN:23,constructor
FNF:1
FNH:1
FNDA:53,constructor
DA:26,53
LF:1
LH:1
BRF:0
BRH:0
end_of_record
TN:
SF:/Users/marioterek/github/coinmaker/contracts/token/BEP20/lib/BEP20.sol
FN:48,constructor
FN:57,name
FN:65,symbol
FN:82,decimals
FN:89,totalSupply
FN:96,balanceOf
FN:103,getOwner
FN:115,transfer
FN:133,transferFrom
FN:150,approve
FN:158,allowance
FN:174,increaseAllowance
FN:193,decreaseAllowance
FN:215,_transfer
FN:238,_mint
FN:259,_burn
FN:285,_approve
FN:300,_setupDecimals
FN:318,_beforeTokenTransfer
FNF:19
FNH:19
FNDA:602,constructor
FNDA:8,name
FNDA:8,symbol
FNDA:8,decimals
FNDA:264,totalSupply
FNDA:100,balanceOf
FNDA:8,getOwner
FNDA:67,transfer
FNDA:106,transferFrom
FNDA:274,approve
FNDA:154,allowance
FNDA:64,increaseAllowance
FNDA:128,decreaseAllowance
FNDA:173,_transfer
FNDA:683,_mint
FNDA:60,_burn
FNDA:456,_approve
FNDA:484,_setupDecimals
FNDA:876,_beforeTokenTransfer
DA:49,602
DA:50,602
DA:51,602
DA:58,8
DA:66,8
DA:83,8
DA:90,264
DA:97,100
DA:104,8
DA:116,67
DA:117,31
DA:134,106
DA:136,54
DA:137,54
DA:138,38
DA:140,38
DA:151,274
DA:152,258
DA:159,154
DA:175,64
DA:176,48
DA:194,128
DA:195,128
DA:196,48
DA:198,48
DA:216,173
DA:217,173
DA:219,141
DA:221,141
DA:222,141
DA:223,85
DA:224,85
DA:226,85
DA:239,683
DA:241,675
DA:243,675
DA:244,675
DA:245,675
DA:260,60
DA:262,60
DA:264,60
DA:265,60
DA:266,44
DA:267,44
DA:269,44
DA:286,456
DA:287,456
DA:289,424
DA:290,424
DA:301,484
LF:50
LH:50
BRDA:137,1,0,38
BRDA:137,1,1,16
BRDA:195,2,0,48
BRDA:195,2,1,80
BRDA:216,3,0,173
BRDA:216,3,1,0
BRDA:217,4,0,141
BRDA:217,4,1,32
BRDA:222,5,0,85
BRDA:222,5,1,56
BRDA:239,6,0,675
BRDA:239,6,1,8
BRDA:260,7,0,60
BRDA:260,7,1,0
BRDA:265,8,0,44
BRDA:265,8,1,16
BRDA:286,9,0,456
BRDA:286,9,1,0
BRDA:287,10,0,424
BRDA:287,10,1,32
BRF:20
BRH:17
end_of_record
TN:
SF:/Users/marioterek/github/coinmaker/contracts/token/BEP20/lib/BEP20Burnable.sol
FN:18,burn
FN:33,burnFrom
FNF:2
FNH:2
FNDA:28,burn
FNDA:40,burnFrom
DA:19,28
DA:34,40
DA:35,40
DA:36,32
DA:37,32
LF:5
LH:5
BRDA:35,1,0,32
BRDA:35,1,1,8
BRF:2
BRH:2
end_of_record
TN:
SF:/Users/marioterek/github/coinmaker/contracts/token/BEP20/lib/BEP20Capped.sol
FN:17,constructor
FN:25,cap
FN:32,_mint
FNF:3
FNH:3
FNDA:161,constructor
FNDA:240,cap
FNDA:238,_mint
DA:18,161
DA:19,157
DA:26,240
DA:33,238
DA:34,230
LF:5
LH:5
BRDA:18,1,0,157
BRDA:18,1,1,4
BRDA:33,2,0,230
BRDA:33,2,1,8
BRF:4
BRH:4
end_of_record
TN:
SF:/Users/marioterek/github/coinmaker/contracts/token/BEP20/lib/BEP20Mintable.sol
FN:24,canMint
FN:32,mintingFinished
FN:44,mint
FN:53,finishMinting
FN:60,_finishMinting
FNF:5
FNH:5
FNDA:147,canMint
FNDA:8,mintingFinished
FNDA:107,mint
FNDA:24,finishMinting
FNDA:16,_finishMinting
DA:25,147
DA:26,131
DA:33,8
DA:45,107
DA:54,24
DA:61,16
DA:63,16
LF:7
LH:7
BRDA:25,1,0,131
BRDA:25,1,1,16
BRF:2
BRH:2
end_of_record
TN:
SF:/Users/marioterek/github/coinmaker/contracts/token/BEP20/lib/BEP20Operable.sol
FN:26,supportsInterface
FN:36,transferAndCall
FN:47,transferAndCall
FN:60,transferFromAndCall
FN:72,transferFromAndCall
FN:84,approveAndCall
FN:95,approveAndCall
FN:110,_checkAndCallTransfer
FN:128,_checkAndCallApprove
FNF:9
FNH:9
FNDA:3,supportsInterface
FNDA:13,transferAndCall
FNDA:18,transferAndCall
FNDA:13,transferFromAndCall
FNDA:18,transferFromAndCall
FNDA:11,approveAndCall
FNDA:14,approveAndCall
FNDA:28,_checkAndCallTransfer
FNDA:14,_checkAndCallApprove
DA:27,3
DA:37,13
DA:48,18
DA:49,14
DA:50,6
DA:61,13
DA:73,18
DA:74,14
DA:75,6
DA:85,11
DA:96,14
DA:97,14
DA:98,6
DA:111,28
DA:112,4
DA:114,24
DA:117,16
DA:129,14
DA:130,2
DA:132,12
DA:135,8
LF:21
LH:21
BRDA:49,1,0,6
BRDA:49,1,1,8
BRDA:74,2,0,6
BRDA:74,2,1,8
BRDA:97,3,0,6
BRDA:97,3,1,8
BRDA:111,4,0,4
BRDA:111,4,1,24
BRDA:129,5,0,2
BRDA:129,5,1,12
BRF:10
BRH:10
end_of_record
TN:
SF:/Users/marioterek/github/coinmaker/contracts/token/BEP20/lib/IBEP20.sol
FNF:0
FNH:0
LF:0
LH:0
BRF:0
BRH:0
end_of_record
TN:
SF:/Users/marioterek/github/coinmaker/contracts/token/BEP20/lib/IBEP20Operable.sol
FNF:0
FNH:0
LF:0
LH:0
BRF:0
BRH:0
end_of_record
TN:
SF:/Users/marioterek/github/coinmaker/contracts/token/BEP20/lib/IBEP20OperableReceiver.sol
FNF:0
FNH:0
LF:0
LH:0
BRF:0
BRH:0
end_of_record
TN:
SF:/Users/marioterek/github/coinmaker/contracts/token/BEP20/lib/IBEP20OperableSpender.sol
FNF:0
FNH:0
LF:0
LH:0
BRF:0
BRH:0
end_of_record
TN:
SF:/Users/marioterek/github/coinmaker/contracts/token/BEP20/MintableBEP20.sol
FN:26,constructor
FN:41,_mint
FN:50,_finishMinting
FNF:3
FNH:3
FNDA:72,constructor
FNDA:137,_mint
FNDA:4,_finishMinting
DA:29,72
DA:30,72
DA:42,137
DA:51,4
LF:4
LH:4
BRF:0
BRH:0
end_of_record
TN:
SF:/Users/marioterek/github/coinmaker/contracts/token/BEP20/SimpleBEP20.sol
FN:24,constructor
FNF:1
FNH:1
FNDA:55,constructor
DA:27,55
DA:29,53
LF:2
LH:2
BRDA:27,1,0,53
BRDA:27,1,1,2
BRF:2
BRH:2
end_of_record
TN:
SF:/Users/marioterek/github/coinmaker/contracts/token/BEP20/StandardBEP20.sol
FN:23,constructor
FNF:1
FNH:1
FNDA:53,constructor
DA:26,53
DA:28,51
DA:29,51
LF:3
LH:3
BRDA:26,1,0,51
BRDA:26,1,1,2
BRF:2
BRH:2
end_of_record
TN:
SF:/Users/marioterek/github/coinmaker/contracts/token/BEP20/UnlimitedBEP20.sol
FN:24,constructor
FN:39,_mint
FN:48,_finishMinting
FNF:3
FNH:3
FNDA:81,constructor
FNDA:90,_mint
FNDA:4,_finishMinting
DA:27,81
DA:28,81
DA:40,90
DA:49,4
LF:4
LH:4
BRF:0
BRH:0
end_of_record
TN:
SF:/Users/marioterek/github/coinmaker/contracts/utils/GeneratorCopyright.sol
FN:15,constructor
FN:22,generator
FN:29,version
FNF:3
FNH:3
FNDA:108,constructor
FNDA:2,generator
FNDA:2,version
DA:16,108
DA:23,2
DA:30,2
LF:3
LH:3
BRF:0
BRH:0
end_of_record
TN:
SF:/Users/marioterek/github/coinmaker/contracts/utils/TokenRecover.sol
FN:20,recoverBEP20
FNF:1
FNH:1
FNDA:1,recoverBEP20
DA:21,1
LF:1
LH:1
BRF:0
BRH:0
end_of_record
